<?xml version="1.0" encoding="utf-8"?><testsuites name="pytest tests"><testsuite name="pytest" errors="0" failures="0" skipped="0" tests="17" time="27.005" timestamp="2026-06-23T06:46:43.482432+00:00" hostname="agent-env-b9929f78-1319-43df-8d67-8de9edac8d51"><testcase classname="backend.tests.test_iteration2_api.TestInsights" name="test_insights_shape" time="14.793" /><testcase classname="backend.tests.test_iteration2_api.TestInsights" name="test_insights_likely_ai" time="9.654" /><testcase classname="backend.tests.test_iteration2_api.TestLeadCreate" name="test_create_and_retrieve" time="0.251" /><testcase classname="backend.tests.test_iteration2_api.TestLeadCreate" name="test_create_missing_name_422" time="0.097" /><testcase classname="backend.tests.test_iteration2_api.TestLeadCreate" name="test_create_missing_phone_422" time="0.129" /><testcase classname="backend.tests.test_iteration2_api.TestNotifications" name="test_list" time="0.132" /><testcase classname="backend.tests.test_iteration2_api.TestNotifications" name="test_unread_count" time="0.151" /><testcase classname="backend.tests.test_iteration2_api.TestNotifications" name="test_mark_one_read" time="0.300" /><testcase classname="backend.tests.test_iteration2_api.TestNotifications" name="test_mark_one_read_404" time="0.109" /><testcase classname="backend.tests.test_iteration2_api.TestNotifications" name="test_mark_all_read" time="0.236" /><testcase classname="backend.tests.test_iteration2_api.TestReports" name="test_list" time="0.098" /><testcase classname="backend.tests.test_iteration2_api.TestReports" name="test_detail" time="0.192" /><testcase classname="backend.tests.test_iteration2_api.TestReports" name="test_detail_404" time="0.127" /><testcase classname="backend.tests.test_iteration2_api.TestCampaigns" name="test_list" time="0.097" /><testcase classname="backend.tests.test_iteration2_api.TestCampaigns" name="test_detail" time="0.242" /><testcase classname="backend.tests.test_iteration2_api.TestCampaigns" name="test_detail_404" time="0.099" /><testcase classname="backend.tests.test_iteration2_api.TestCampaigns" name="test_create" time="0.199" /></testsuite></testsuites>