<?xml version="1.0" encoding="utf-8"?><testsuites name="pytest tests"><testsuite name="pytest" errors="0" failures="1" skipped="0" tests="25" time="23.120" timestamp="2026-06-23T07:02:36.478396+00:00" hostname="agent-env-b9929f78-1319-43df-8d67-8de9edac8d51"><testcase classname="backend.tests.test_iteration3_api.TestAgentsCRUD" name="test_create_agent" time="0.546" /><testcase classname="backend.tests.test_iteration3_api.TestAgentsCRUD" name="test_update_agent" time="0.248" /><testcase classname="backend.tests.test_iteration3_api.TestAgentsCRUD" name="test_update_agent_404" time="0.126" /><testcase classname="backend.tests.test_iteration3_api.TestAgentsCRUD" name="test_delete_agent" time="0.224" /><testcase classname="backend.tests.test_iteration3_api.TestAgentsCRUD" name="test_delete_agent_404" time="0.095" /><testcase classname="backend.tests.test_iteration3_api.TestCampaignsCRUDIter3" name="test_create" time="0.096" /><testcase classname="backend.tests.test_iteration3_api.TestCampaignsCRUDIter3" name="test_patch_recomputes_metrics" time="0.101" /><testcase classname="backend.tests.test_iteration3_api.TestCampaignsCRUDIter3" name="test_patch_404" time="0.095" /><testcase classname="backend.tests.test_iteration3_api.TestCampaignsCRUDIter3" name="test_delete" time="0.218" /><testcase classname="backend.tests.test_iteration3_api.TestCampaignsCRUDIter3" name="test_delete_404" time="0.093" /><testcase classname="backend.tests.test_iteration3_api.TestProfileUpdate" name="test_patch_me_excludes_password_hash" time="0.328" /><testcase classname="backend.tests.test_iteration3_api.TestProfileUpdate" name="test_restore_profile" time="0.094" /><testcase classname="backend.tests.test_iteration3_api.TestChangePassword" name="test_wrong_current_password" time="0.419" /><testcase classname="backend.tests.test_iteration3_api.TestChangePassword" name="test_short_new_password" time="0.316" /><testcase classname="backend.tests.test_iteration3_api.TestChangePassword" name="test_success_then_revert" time="1.713" /><testcase classname="backend.tests.test_iteration3_api.TestTwoFA" name="test_status_initially_disabled" time="0.147" /><testcase classname="backend.tests.test_iteration3_api.TestTwoFA" name="test_setup_returns_secret" time="0.097" /><testcase classname="backend.tests.test_iteration3_api.TestTwoFA" name="test_enable_bad_code_400" time="0.098" /><testcase classname="backend.tests.test_iteration3_api.TestTwoFA" name="test_enable_valid_code" time="0.226" /><testcase classname="backend.tests.test_iteration3_api.TestTwoFA" name="test_disable_bad_code" time="0.097" /><testcase classname="backend.tests.test_iteration3_api.TestTwoFA" name="test_disable_valid_code" time="0.192" /><testcase classname="backend.tests.test_iteration3_api.TestInsightsCache" name="test_cache_hit_is_much_faster" time="17.038"><failure message="AssertionError: Cache returned a different payload than first call&#10;assert [{'id': 'ai-0...': 'up', ...}] == [{'id': 'ai-0... 'down', ...}]&#10;  &#10;  At index 0 diff: {'id': 'ai-0', 'title': 'Sales Funnel Conversion Lag', 'body': 'Current 4.1% booking rate indicates a mid-funnel bottleneck, so implement a 24-hour follow-up mandate to increase closures.', 'trend': 'warn', 'icon': 'alert-triangle', 'ai': True} != {'id': 'ai-0', 'title': 'Capitalize on High Campaign ROAS', 'body': 'The Delhi NCR Premium campaign achieved a 434% ROAS, so reallocate remaining budget to this high-performing segment immediately.', 'trend': 'up', 'icon': 'flame', 'ai': True}&#10;  &#10;  Full diff:&#10;    [&#10;        {&#10;            'id': 'ai-0',...&#10;  &#10;  ...Full output truncated (65 lines hidden), use '-vv' to show">backend/tests/test_iteration3_api.py:329: in test_cache_hit_is_much_faster
    assert payload1 == payload2, "Cache returned a different payload than first call"
E   AssertionError: Cache returned a different payload than first call
E   assert [{'id': 'ai-0...': 'up', ...}] == [{'id': 'ai-0... 'down', ...}]
E     
E     At index 0 diff: {'id': 'ai-0', 'title': 'Sales Funnel Conversion Lag', 'body': 'Current 4.1% booking rate indicates a mid-funnel bottleneck, so implement a 24-hour follow-up mandate to increase closures.', 'trend': 'warn', 'icon': 'alert-triangle', 'ai': True} != {'id': 'ai-0', 'title': 'Capitalize on High Campaign ROAS', 'body': 'The Delhi NCR Premium campaign achieved a 434% ROAS, so reallocate remaining budget to this high-performing segment immediately.', 'trend': 'up', 'icon': 'flame', 'ai': True}
E     
E     Full diff:
E       [
E           {
E               'id': 'ai-0',...
E     
E     ...Full output truncated (65 lines hidden), use '-vv' to show</failure></testcase><testcase classname="backend.tests.test_iteration3_api.TestRegisterPush" name="test_requires_auth" time="0.123" /><testcase classname="backend.tests.test_iteration3_api.TestRegisterPush" name="test_route_exists_with_auth" time="0.159" /><testcase classname="backend.tests.test_iteration3_api.TestRegisterPush" name="test_body_validation" time="0.101" /></testsuite></testsuites>