<?xml version="1.0" encoding="utf-8"?><testsuites name="pytest tests"><testsuite name="pytest" errors="0" failures="0" skipped="0" tests="25" time="4.220" timestamp="2026-06-23T06:34:29.967854+00:00" hostname="agent-env-b9929f78-1319-43df-8d67-8de9edac8d51"><testcase classname="backend.tests.test_taskezy_api.TestAuth" name="test_login_success" time="0.502" /><testcase classname="backend.tests.test_taskezy_api.TestAuth" name="test_login_bad_password" time="0.327" /><testcase classname="backend.tests.test_taskezy_api.TestAuth" name="test_me_with_token" time="0.485" /><testcase classname="backend.tests.test_taskezy_api.TestAuth" name="test_me_without_token" time="0.129" /><testcase classname="backend.tests.test_taskezy_api.TestAuth" name="test_me_invalid_token" time="0.127" /><testcase classname="backend.tests.test_taskezy_api.TestDashboard" name="test_summary" time="0.103" /><testcase classname="backend.tests.test_taskezy_api.TestDashboard" name="test_top_properties" time="0.094" /><testcase classname="backend.tests.test_taskezy_api.TestDashboard" name="test_top_agents" time="0.112" /><testcase classname="backend.tests.test_taskezy_api.TestDashboard" name="test_activities" time="0.094" /><testcase classname="backend.tests.test_taskezy_api.TestDashboard" name="test_followups" time="0.098" /><testcase classname="backend.tests.test_taskezy_api.TestDashboard" name="test_insights" time="0.129" /><testcase classname="backend.tests.test_taskezy_api.TestLeads" name="test_list_leads" time="0.146" /><testcase classname="backend.tests.test_taskezy_api.TestLeads" name="test_list_with_filters" time="0.095" /><testcase classname="backend.tests.test_taskezy_api.TestLeads" name="test_list_with_q" time="0.107" /><testcase classname="backend.tests.test_taskezy_api.TestLeads" name="test_list_hot_filter" time="0.103" /><testcase classname="backend.tests.test_taskezy_api.TestLeads" name="test_pipeline" time="0.103" /><testcase classname="backend.tests.test_taskezy_api.TestLeads" name="test_lead_detail" time="0.209" /><testcase classname="backend.tests.test_taskezy_api.TestLeads" name="test_lead_detail_404" time="0.096" /><testcase classname="backend.tests.test_taskezy_api.TestLeads" name="test_patch_lead_status_hot" time="0.347" /><testcase classname="backend.tests.test_taskezy_api.TestProperties" name="test_list_properties" time="0.095" /><testcase classname="backend.tests.test_taskezy_api.TestProperties" name="test_property_detail" time="0.198" /><testcase classname="backend.tests.test_taskezy_api.TestProperties" name="test_property_filter_city" time="0.103" /><testcase classname="backend.tests.test_taskezy_api.TestAnalytics" name="test_overview" time="0.119" /><testcase classname="backend.tests.test_taskezy_api.TestAnalytics" name="test_campaigns" time="0.102" /><testcase classname="backend.tests.test_taskezy_api.TestAgents" name="test_list_agents" time="0.099" /></testsuite></testsuites>